[00:00:01] [Server thread/INFO]: [xX_JyJy_Xx: Gamerule keepInventory is now set to: true]
[00:00:04] [Server thread/INFO]: <xX_JyJy_Xx> it's on
[00:01:10] [Server thread/INFO]: <xX_JyJy_Xx> bah bah blacksheep
[00:01:52] [Server thread/INFO]: <xX_JyJy_Xx> ye
[00:02:03] [Server thread/INFO]: <xX_JyJy_Xx> it's vanilla tweaks
[00:02:19] [Server thread/INFO]: <xX_JyJy_Xx> it's this customisable thing
[00:02:49] [Server thread/INFO]: <xX_JyJy_Xx> no you can chose what you want different on the website and get a personilsed resource pack
[00:03:16] [Server thread/INFO]: <xX_JyJy_Xx> no i mean like simple things
[00:04:14] [Server thread/INFO]: <xX_JyJy_Xx> ye
[00:04:27] [Server thread/INFO]: <xX_JyJy_Xx> but uhm it's midnight, I kinda feel like going to bed
[00:04:30] [Server thread/INFO]: <xX_JyJy_Xx> irl
[00:04:56] [Server thread/INFO]: Elisathing lost connection: Disconnected
[00:04:56] [Server thread/INFO]: Elisathing left the game
[00:04:59] [Server thread/INFO]: JJonMC lost connection: Disconnected
[00:04:59] [Server thread/INFO]: JJonMC left the game
[00:05:02] [Server thread/INFO]: xX_JyJy_Xx lost connection: Disconnected
[00:05:02] [Server thread/INFO]: xX_JyJy_Xx left the game
[00:06:38] [Server thread/INFO]: Stopping the server
[00:06:38] [Server thread/INFO]: Stopping server
[00:06:38] [Server thread/INFO]: Saving players
[00:06:38] [Server thread/INFO]: Saving worlds
[00:06:40] [Server thread/INFO]: Saving chunks for level 'ServerLevel[world]'/minecraft:overworld
[00:06:40] [Server thread/INFO]: Saving chunks for level 'ServerLevel[world]'/minecraft:the_nether
[00:06:40] [Server thread/INFO]: Saving chunks for level 'ServerLevel[world]'/minecraft:the_end
[00:06:40] [Server thread/INFO]: ThreadedAnvilChunkStorage (world): All chunks are saved
[00:06:40] [Server thread/INFO]: ThreadedAnvilChunkStorage (DIM-1): All chunks are saved
[00:06:40] [Server thread/INFO]: ThreadedAnvilChunkStorage (DIM1): All chunks are saved
[00:06:40] [Server thread/INFO]: ThreadedAnvilChunkStorage: All dimensions are saved
